<?xml version="1.0" encoding="UTF-8"?>
<!-- Generated by org.testng.reporters.JUnitReportReporter -->
<testsuite hostname="LTIN269428" failures="0" tests="9" name="testNG.testCase.InvalidBooking" time="33.162" errors="0" timestamp="2024-02-21T08:37:58 IST" skipped="0">
  <testcase classname="testNG.testCase.InvalidBooking" name="checkPage" time="0.154"/>
  <system-out/>
  <testcase classname="testNG.testCase.InvalidBooking" name="enterFields" time="3.681"/>
  <system-out/>
  <testcase classname="testNG.testCase.InvalidBooking" name="applyFilters" time="15.673"/>
  <system-out/>
  <testcase classname="testNG.testCase.InvalidBooking" name="displayDocs" time="0.321"/>
  <system-out/>
  <testcase classname="testNG.testCase.InvalidBooking" name="navToSurgery" time="2.303"/>
  <system-out/>
  <testcase classname="testNG.testCase.InvalidBooking" name="scroll" time="0.050"/>
  <system-out/>
  <testcase classname="testNG.testCase.InvalidBooking" name="printSurgeries" time="3.532"/>
  <system-out/>
  <testcase classname="testNG.testCase.InvalidBooking" name="navToHWP" time="5.288"/>
  <system-out/>
  <testcase classname="testNG.testCase.InvalidBooking" name="enterFormDetails" time="2.160"/>
  <system-out/>
</testsuite> <!-- testNG.testCase.InvalidBooking -->
