<?xml version="1.0" encoding="UTF-8"?>
<!-- Generated by org.testng.reporters.JUnitReportReporter -->
<testsuite hostname="LTIN269428" failures="0" tests="13" name="testNG.testCase.ValidBooking" time="164.863" errors="0" timestamp="2024-02-28T20:24:54 IST" skipped="0">
  <testcase classname="testNG.testCase.ValidBooking" name="checkPage" time="1.237"/>
  <system-out/>
  <testcase classname="testNG.testCase.ValidBooking" name="enterFields" time="13.040"/>
  <system-out/>
  <testcase classname="testNG.testCase.ValidBooking" name="applyFilters" time="26.537"/>
  <system-out/>
  <testcase classname="testNG.testCase.ValidBooking" name="displayDocs" time="9.652"/>
  <system-out/>
  <testcase classname="testNG.testCase.ValidBooking" name="navToSurgery" time="2.311"/>
  <system-out/>
  <testcase classname="testNG.testCase.ValidBooking" name="scroll" time="6.106"/>
  <system-out/>
  <testcase classname="testNG.testCase.ValidBooking" name="printSurgeries" time="4.430"/>
  <system-out/>
  <testcase classname="testNG.testCase.ValidBooking" name="navToHWP" time="51.166"/>
  <system-out/>
  <testcase classname="testNG.testCase.ValidBooking" name="enterFormDetails" time="21.178"/>
  <system-out/>
  <testcase classname="testNG.testCase.ValidBooking" name="userInHWP" time="0.001"/>
  <system-out/>
  <testcase classname="testNG.testCase.ValidBooking" name="validEmail" time="6.312"/>
  <system-out/>
  <testcase classname="testNG.testCase.ValidBooking" name="book" time="1.435"/>
  <system-out/>
  <testcase classname="testNG.testCase.ValidBooking" name="thankYou" time="21.458"/>
  <system-out/>
</testsuite> <!-- testNG.testCase.ValidBooking -->
